0 info it worked if it ends with ok
1 verbose cli [ '/Users/dan/.nvm/versions/node/v5.5.0/bin/node',
1 verbose cli   '/Users/dan/.nvm/versions/node/v5.5.0/bin/npm',
1 verbose cli   'start' ]
2 info using npm@3.3.12
3 info using node@v5.5.0
4 verbose run-script [ 'prestart', 'start', 'poststart' ]
5 info lifecycle 01_development_environment_setup@1.0.0~prestart: 01_development_environment_setup@1.0.0
6 silly lifecycle 01_development_environment_setup@1.0.0~prestart: no script for prestart, continuing
7 info lifecycle 01_development_environment_setup@1.0.0~start: 01_development_environment_setup@1.0.0
8 verbose lifecycle 01_development_environment_setup@1.0.0~start: unsafe-perm in lifecycle true
9 verbose lifecycle 01_development_environment_setup@1.0.0~start: PATH: /Users/dan/.nvm/versions/node/v5.5.0/lib/node_modules/npm/bin/node-gyp-bin:/Users/dan/Code/Learning/JavaScript/ReactJS/react-fundamentals/01_development_environment_setup/node_modules/.bin:/Users/dan/.rvm/gems/ruby-2.3.0/bin:/Users/dan/.rvm/gems/ruby-2.3.0@global/bin:/Users/dan/.rvm/rubies/ruby-2.3.0/bin:./bin:/usr/local/bin:/usr/local/sbin:/Users/dan/.dotfiles/bin:/Users/dan/.nvm/versions/node/v5.5.0/bin:/usr/local/bin:/usr/bin:/bin:/usr/sbin:/sbin:/Users/dan/.composer/vendor/bin:/Users/dan/.rvm/bin:/Users/dan/.rvm/bin
10 verbose lifecycle 01_development_environment_setup@1.0.0~start: CWD: /Users/dan/Code/Learning/JavaScript/ReactJS/react-fundamentals/01_development_environment_setup
11 silly lifecycle 01_development_environment_setup@1.0.0~start: Args: [ '-c', 'webpack-dev-server' ]
12 silly lifecycle 01_development_environment_setup@1.0.0~start: Returned: code: 1  signal: null
13 info lifecycle 01_development_environment_setup@1.0.0~start: Failed to exec start script
14 verbose stack Error: 01_development_environment_setup@1.0.0 start: `webpack-dev-server`
14 verbose stack Exit status 1
14 verbose stack     at EventEmitter.<anonymous> (/Users/dan/.nvm/versions/node/v5.5.0/lib/node_modules/npm/lib/utils/lifecycle.js:232:16)
14 verbose stack     at emitTwo (events.js:100:13)
14 verbose stack     at EventEmitter.emit (events.js:185:7)
14 verbose stack     at ChildProcess.<anonymous> (/Users/dan/.nvm/versions/node/v5.5.0/lib/node_modules/npm/lib/utils/spawn.js:24:14)
14 verbose stack     at emitTwo (events.js:100:13)
14 verbose stack     at ChildProcess.emit (events.js:185:7)
14 verbose stack     at maybeClose (internal/child_process.js:821:16)
14 verbose stack     at Process.ChildProcess._handle.onexit (internal/child_process.js:211:5)
15 verbose pkgid 01_development_environment_setup@1.0.0
16 verbose cwd /Users/dan/Code/Learning/JavaScript/ReactJS/react-fundamentals/01_development_environment_setup
17 error Darwin 15.2.0
18 error argv "/Users/dan/.nvm/versions/node/v5.5.0/bin/node" "/Users/dan/.nvm/versions/node/v5.5.0/bin/npm" "start"
19 error node v5.5.0
20 error npm  v3.3.12
21 error code ELIFECYCLE
22 error 01_development_environment_setup@1.0.0 start: `webpack-dev-server`
22 error Exit status 1
23 error Failed at the 01_development_environment_setup@1.0.0 start script 'webpack-dev-server'.
23 error Make sure you have the latest version of node.js and npm installed.
23 error If you do, this is most likely a problem with the 01_development_environment_setup package,
23 error not with npm itself.
23 error Tell the author that this fails on your system:
23 error     webpack-dev-server
23 error You can get their info via:
23 error     npm owner ls 01_development_environment_setup
23 error There is likely additional logging output above.
24 verbose exit [ 1, true ]
